[debug] [2020-10-05T04:24:26.957Z] ----------------------------------------------------------------------
[debug] [2020-10-05T04:24:26.960Z] Command:       /usr/local/bin/node /usr/local/bin/firebase emulators:start
[debug] [2020-10-05T04:24:26.961Z] CLI Version:   8.10.0
[debug] [2020-10-05T04:24:26.961Z] Platform:      darwin
[debug] [2020-10-05T04:24:26.963Z] Node Version:  v12.18.0
[debug] [2020-10-05T04:24:26.983Z] Time:          Mon Oct 05 2020 13:24:26 GMT+0900 (GMT+09:00)
[debug] [2020-10-05T04:24:26.987Z] ----------------------------------------------------------------------
[debug] [2020-10-05T04:24:26.987Z] 
[debug] [2020-10-05T04:24:27.048Z] > command requires scopes: ["email","openid","https://www.googleapis.com/auth/cloudplatformprojects.readonly","https://www.googleapis.com/auth/firebase","https://www.googleapis.com/auth/cloud-platform"]
[debug] [2020-10-05T04:24:27.050Z] > authorizing via signed-in user
[info] i  emulators: Starting emulators: functions, hosting {"metadata":{"emulator":{"name":"hub"},"message":"Starting emulators: functions, hosting"}}
[debug] [2020-10-05T04:24:27.232Z] [hub] writing locator at /var/folders/0m/mx0vpzdn64q2zv1klk8x_lsw0000gn/T/hub-shop-4293a.json
[warn] ⚠  functions: The following emulators are not running, calls to these services from the Functions emulator will affect production: firestore, database, pubsub {"metadata":{"emulator":{"name":"functions"},"message":"The following emulators are not running, calls to these services from the Functions emulator will affect production: \u001b[1mfirestore, database, pubsub\u001b[22m"}}
[warn] ⚠  Your requested "node" version "10" doesn't match your global version "12" {"metadata":{"emulator":{"name":"functions"},"message":"Your requested \"node\" version \"10\" doesn't match your global version \"12\""}}
[debug] [2020-10-05T04:24:27.275Z] defaultcredentials: writing to file /Users/super_subeom/.config/firebase/sky107321_gmail_com_application_default_credentials.json
[debug] [2020-10-05T04:24:27.305Z] Setting GAC to /Users/super_subeom/.config/firebase/sky107321_gmail_com_application_default_credentials.json {"metadata":{"emulator":{"name":"functions"},"message":"Setting GAC to /Users/super_subeom/.config/firebase/sky107321_gmail_com_application_default_credentials.json"}}
[debug] [2020-10-05T04:24:27.337Z] > refreshing access token with scopes: ["email","https://www.googleapis.com/auth/cloud-platform","https://www.googleapis.com/auth/cloudplatformprojects.readonly","https://www.googleapis.com/auth/firebase","openid"]
[debug] [2020-10-05T04:24:27.338Z] >>> HTTP REQUEST POST https://www.googleapis.com/oauth2/v3/token  
 <request body omitted>
[debug] [2020-10-05T04:24:27.704Z] <<< HTTP RESPONSE 200 {"content-type":"application/json; charset=utf-8","vary":"X-Origin, Referer, Origin,Accept-Encoding","date":"Mon, 05 Oct 2020 04:24:27 GMT","server":"scaffolding on HTTPServer2","cache-control":"private","x-xss-protection":"0","x-frame-options":"SAMEORIGIN","x-content-type-options":"nosniff","alt-svc":"h3-Q050=\":443\"; ma=2592000,h3-29=\":443\"; ma=2592000,h3-27=\":443\"; ma=2592000,h3-T051=\":443\"; ma=2592000,h3-T050=\":443\"; ma=2592000,h3-Q046=\":443\"; ma=2592000,h3-Q043=\":443\"; ma=2592000,quic=\":443\"; ma=2592000; v=\"46,43\"","accept-ranges":"none","transfer-encoding":"chunked"}
[debug] [2020-10-05T04:24:27.735Z] >>> HTTP REQUEST GET https://firebase.googleapis.com/v1beta1/projects/shop-4293a/webApps/-/config  
 
[debug] [2020-10-05T04:24:29.410Z] <<< HTTP RESPONSE 200 {"content-type":"application/json; charset=UTF-8","vary":"X-Origin, Referer, Origin,Accept-Encoding","date":"Mon, 05 Oct 2020 04:24:29 GMT","server":"ESF","cache-control":"private","x-xss-protection":"0","x-frame-options":"SAMEORIGIN","x-content-type-options":"nosniff","alt-svc":"h3-Q050=\":443\"; ma=2592000,h3-29=\":443\"; ma=2592000,h3-27=\":443\"; ma=2592000,h3-T051=\":443\"; ma=2592000,h3-T050=\":443\"; ma=2592000,h3-Q046=\":443\"; ma=2592000,h3-Q043=\":443\"; ma=2592000,quic=\":443\"; ma=2592000; v=\"46,43\"","accept-ranges":"none","transfer-encoding":"chunked"}
[info] i  hosting: Serving hosting files from: build {"metadata":{"emulator":{"name":"hosting"},"message":"Serving hosting files from: \u001b[1mbuild\u001b[22m"}}
[info] ✔  hosting: Local server: http://localhost:5000 {"metadata":{"emulator":{"name":"hosting"},"message":"Local server: \u001b[4m\u001b[1mhttp://localhost:5000\u001b[22m\u001b[24m"}}
[debug] [2020-10-05T04:24:29.735Z] Ignoring unsupported arg: auto_download {"metadata":{"emulator":{"name":"ui"},"message":"Ignoring unsupported arg: auto_download"}}
[debug] [2020-10-05T04:24:29.735Z] Ignoring unsupported arg: port {"metadata":{"emulator":{"name":"ui"},"message":"Ignoring unsupported arg: port"}}
[debug] [2020-10-05T04:24:29.736Z] Starting Emulator UI with command {"binary":"node","args":["/Users/super_subeom/.cache/firebase/emulators/ui-v1.1.1/server.bundle.js"],"optionalArgs":[],"joinArgs":false} {"metadata":{"emulator":{"name":"ui"},"message":"Starting Emulator UI with command {\"binary\":\"node\",\"args\":[\"/Users/super_subeom/.cache/firebase/emulators/ui-v1.1.1/server.bundle.js\"],\"optionalArgs\":[],\"joinArgs\":false}"}}
[info] i  ui: Emulator UI logging to ui-debug.log {"metadata":{"emulator":{"name":"ui"},"message":"Emulator UI logging to \u001b[1mui-debug.log\u001b[22m"}}
[debug] [2020-10-05T04:24:30.109Z] Web / API server started at http://localhost:4000
 {"metadata":{"emulator":{"name":"ui"},"message":"Web / API server started at http://localhost:4000\n"}}
[info] i  functions: Watching "/Users/super_subeom/Documents/super_workspace/workspace_clone/amazon-shop/functions" for Cloud Functions... {"metadata":{"emulator":{"name":"functions"},"message":"Watching \"/Users/super_subeom/Documents/super_workspace/workspace_clone/amazon-shop/functions\" for Cloud Functions..."}}
[debug] [2020-10-05T04:24:30.319Z] [worker-pool] addWorker(~diagnostic~) {"metadata":{"emulator":{"name":"functions"},"message":"[worker-pool] addWorker(~diagnostic~)"}}
[debug] [2020-10-05T04:24:30.319Z] [worker-pool] Adding worker with key ~diagnostic~, total=1 {"metadata":{"emulator":{"name":"functions"},"message":"[worker-pool] Adding worker with key ~diagnostic~, total=1"}}
[debug] [2020-10-05T04:24:30.319Z] [worker-pool] submitWork(triggerId=) {"metadata":{"emulator":{"name":"functions"},"message":"[worker-pool] submitWork(triggerId=)"}}
[debug] [2020-10-05T04:24:30.320Z] [worker-~diagnostic~-b0ac173e-c88b-4f51-b7f8-89dd10e83be6]: Assigning socketPath: /var/folders/0m/mx0vpzdn64q2zv1klk8x_lsw0000gn/T/fire_emu_2686.sock {"metadata":{"emulator":{"name":"functions"},"message":"[worker-~diagnostic~-b0ac173e-c88b-4f51-b7f8-89dd10e83be6]: Assigning socketPath: /var/folders/0m/mx0vpzdn64q2zv1klk8x_lsw0000gn/T/fire_emu_2686.sock"}}
[debug] [2020-10-05T04:24:30.321Z] [worker-~diagnostic~-b0ac173e-c88b-4f51-b7f8-89dd10e83be6]: BUSY {"metadata":{"emulator":{"name":"functions"},"message":"[worker-~diagnostic~-b0ac173e-c88b-4f51-b7f8-89dd10e83be6]: BUSY"}}
[debug] [2020-10-05T04:24:32.277Z] [runtime-status] [2686] Functions runtime initialized. {"cwd":"/Users/super_subeom/Documents/super_workspace/workspace_clone/amazon-shop/functions","node_version":"12.18.0"} {"metadata":{"emulator":{"name":"functions"},"message":"[runtime-status] [2686] Functions runtime initialized. {\"cwd\":\"/Users/super_subeom/Documents/super_workspace/workspace_clone/amazon-shop/functions\",\"node_version\":\"12.18.0\"}"}}
[debug] [2020-10-05T04:24:32.306Z] [runtime-status] [2686] Disabled runtime features: undefined {"metadata":{"emulator":{"name":"functions"},"message":"[runtime-status] [2686] Disabled runtime features: undefined"}}
[debug] [2020-10-05T04:24:32.327Z] [runtime-status] [2686] Resolved module firebase-admin {"declared":true,"installed":true,"version":"8.13.0","resolution":"/Users/super_subeom/Documents/super_workspace/workspace_clone/amazon-shop/functions/node_modules/firebase-admin/lib/index.js"} {"metadata":{"emulator":{"name":"functions"},"message":"[runtime-status] [2686] Resolved module firebase-admin {\"declared\":true,\"installed\":true,\"version\":\"8.13.0\",\"resolution\":\"/Users/super_subeom/Documents/super_workspace/workspace_clone/amazon-shop/functions/node_modules/firebase-admin/lib/index.js\"}"}}
[debug] [2020-10-05T04:24:32.332Z] [runtime-status] [2686] Resolved module firebase-functions {"declared":true,"installed":true,"version":"3.11.0","resolution":"/Users/super_subeom/Documents/super_workspace/workspace_clone/amazon-shop/functions/node_modules/firebase-functions/lib/index.js"} {"metadata":{"emulator":{"name":"functions"},"message":"[runtime-status] [2686] Resolved module firebase-functions {\"declared\":true,\"installed\":true,\"version\":\"3.11.0\",\"resolution\":\"/Users/super_subeom/Documents/super_workspace/workspace_clone/amazon-shop/functions/node_modules/firebase-functions/lib/index.js\"}"}}
[debug] [2020-10-05T04:24:32.334Z] [runtime-status] [2686] Resolved module firebase-functions {"declared":true,"installed":true,"version":"3.11.0","resolution":"/Users/super_subeom/Documents/super_workspace/workspace_clone/amazon-shop/functions/node_modules/firebase-functions/lib/index.js"} {"metadata":{"emulator":{"name":"functions"},"message":"[runtime-status] [2686] Resolved module firebase-functions {\"declared\":true,\"installed\":true,\"version\":\"3.11.0\",\"resolution\":\"/Users/super_subeom/Documents/super_workspace/workspace_clone/amazon-shop/functions/node_modules/firebase-functions/lib/index.js\"}"}}
[debug] [2020-10-05T04:24:32.337Z] [runtime-status] [2686] Outgoing network have been stubbed. [{"name":"http","status":"mocked"},{"name":"http","status":"mocked"},{"name":"https","status":"mocked"},{"name":"https","status":"mocked"},{"name":"net","status":"mocked"}] {"metadata":{"emulator":{"name":"functions"},"message":"[runtime-status] [2686] Outgoing network have been stubbed. [{\"name\":\"http\",\"status\":\"mocked\"},{\"name\":\"http\",\"status\":\"mocked\"},{\"name\":\"https\",\"status\":\"mocked\"},{\"name\":\"https\",\"status\":\"mocked\"},{\"name\":\"net\",\"status\":\"mocked\"}]"}}
[debug] [2020-10-05T04:24:32.338Z] [runtime-status] [2686] Resolved module firebase-functions {"declared":true,"installed":true,"version":"3.11.0","resolution":"/Users/super_subeom/Documents/super_workspace/workspace_clone/amazon-shop/functions/node_modules/firebase-functions/lib/index.js"} {"metadata":{"emulator":{"name":"functions"},"message":"[runtime-status] [2686] Resolved module firebase-functions {\"declared\":true,\"installed\":true,\"version\":\"3.11.0\",\"resolution\":\"/Users/super_subeom/Documents/super_workspace/workspace_clone/amazon-shop/functions/node_modules/firebase-functions/lib/index.js\"}"}}
[debug] [2020-10-05T04:24:32.616Z] [runtime-status] [2686] Checked functions.config() {"config":{}} {"metadata":{"emulator":{"name":"functions"},"message":"[runtime-status] [2686] Checked functions.config() {\"config\":{}}"}}
[debug] [2020-10-05T04:24:32.618Z] [runtime-status] [2686] firebase-functions has been stubbed. {"functionsResolution":{"declared":true,"installed":true,"version":"3.11.0","resolution":"/Users/super_subeom/Documents/super_workspace/workspace_clone/amazon-shop/functions/node_modules/firebase-functions/lib/index.js"}} {"metadata":{"emulator":{"name":"functions"},"message":"[runtime-status] [2686] firebase-functions has been stubbed. {\"functionsResolution\":{\"declared\":true,\"installed\":true,\"version\":\"3.11.0\",\"resolution\":\"/Users/super_subeom/Documents/super_workspace/workspace_clone/amazon-shop/functions/node_modules/firebase-functions/lib/index.js\"}}"}}
[debug] [2020-10-05T04:24:32.619Z] [runtime-status] [2686] Resolved module firebase-functions {"declared":true,"installed":true,"version":"3.11.0","resolution":"/Users/super_subeom/Documents/super_workspace/workspace_clone/amazon-shop/functions/node_modules/firebase-functions/lib/index.js"} {"metadata":{"emulator":{"name":"functions"},"message":"[runtime-status] [2686] Resolved module firebase-functions {\"declared\":true,\"installed\":true,\"version\":\"3.11.0\",\"resolution\":\"/Users/super_subeom/Documents/super_workspace/workspace_clone/amazon-shop/functions/node_modules/firebase-functions/lib/index.js\"}"}}
[debug] [2020-10-05T04:24:32.621Z] [runtime-status] [2686] Resolved module firebase-admin {"declared":true,"installed":true,"version":"8.13.0","resolution":"/Users/super_subeom/Documents/super_workspace/workspace_clone/amazon-shop/functions/node_modules/firebase-admin/lib/index.js"} {"metadata":{"emulator":{"name":"functions"},"message":"[runtime-status] [2686] Resolved module firebase-admin {\"declared\":true,\"installed\":true,\"version\":\"8.13.0\",\"resolution\":\"/Users/super_subeom/Documents/super_workspace/workspace_clone/amazon-shop/functions/node_modules/firebase-admin/lib/index.js\"}"}}
[debug] [2020-10-05T04:24:32.623Z] [runtime-status] [2686] Resolved module firebase-functions {"declared":true,"installed":true,"version":"3.11.0","resolution":"/Users/super_subeom/Documents/super_workspace/workspace_clone/amazon-shop/functions/node_modules/firebase-functions/lib/index.js"} {"metadata":{"emulator":{"name":"functions"},"message":"[runtime-status] [2686] Resolved module firebase-functions {\"declared\":true,\"installed\":true,\"version\":\"3.11.0\",\"resolution\":\"/Users/super_subeom/Documents/super_workspace/workspace_clone/amazon-shop/functions/node_modules/firebase-functions/lib/index.js\"}"}}
[debug] [2020-10-05T04:24:32.624Z] [runtime-status] [2686] firebase-admin has been stubbed. {"adminResolution":{"declared":true,"installed":true,"version":"8.13.0","resolution":"/Users/super_subeom/Documents/super_workspace/workspace_clone/amazon-shop/functions/node_modules/firebase-admin/lib/index.js"}} {"metadata":{"emulator":{"name":"functions"},"message":"[runtime-status] [2686] firebase-admin has been stubbed. {\"adminResolution\":{\"declared\":true,\"installed\":true,\"version\":\"8.13.0\",\"resolution\":\"/Users/super_subeom/Documents/super_workspace/workspace_clone/amazon-shop/functions/node_modules/firebase-admin/lib/index.js\"}}"}}
[info] ✔  functions[api]: http function initialized (http://localhost:5001/shop-4293a/us-central1/api). {"metadata":{"emulator":{"name":"functions"},"message":"\u001b[1mhttp\u001b[22m function initialized (http://localhost:5001/shop-4293a/us-central1/api)."}}
[info] 
┌───────────────────────────────────────────────────────────────────────┐
│ ✔  All emulators ready! View status and logs at http://localhost:4000 │
└───────────────────────────────────────────────────────────────────────┘

┌───────────┬────────────────┬─────────────────────────────────┐
│ Emulator  │ Host:Port      │ View in Emulator UI             │
├───────────┼────────────────┼─────────────────────────────────┤
│ Functions │ localhost:5001 │ http://localhost:4000/functions │
├───────────┼────────────────┼─────────────────────────────────┤
│ Hosting   │ localhost:5000 │ n/a                             │
└───────────┴────────────────┴─────────────────────────────────┘
  Other reserved ports: 4400, 4500

Issues? Report them at https://github.com/firebase/firebase-tools/issues and attach the *-debug.log files.
 
[debug] [2020-10-05T04:24:33.852Z] [worker-~diagnostic~-b0ac173e-c88b-4f51-b7f8-89dd10e83be6]: IDLE {"metadata":{"emulator":{"name":"functions"},"message":"[worker-~diagnostic~-b0ac173e-c88b-4f51-b7f8-89dd10e83be6]: IDLE"}}
[debug] [2020-10-05T04:26:30.788Z] [work-queue] {"queueLength":1,"workRunningCount":0}
[debug] [2020-10-05T04:26:30.789Z] [work-queue] {"queueLength":0,"workRunningCount":1}
[debug] [2020-10-05T04:26:30.790Z] Accepted request POST /shop-4293a/us-central1/api/payments/create?total=799 --> api
[debug] [2020-10-05T04:26:30.798Z] [worker-pool] addWorker(api) {"metadata":{"emulator":{"name":"functions"},"message":"[worker-pool] addWorker(api)"}}
[debug] [2020-10-05T04:26:30.798Z] [worker-pool] Adding worker with key api, total=1 {"metadata":{"emulator":{"name":"functions"},"message":"[worker-pool] Adding worker with key api, total=1"}}
[debug] [2020-10-05T04:26:30.798Z] [worker-pool] submitWork(triggerId=api) {"metadata":{"emulator":{"name":"functions"},"message":"[worker-pool] submitWork(triggerId=api)"}}
[debug] [2020-10-05T04:26:30.799Z] [worker-api-17f15511-57ec-4e40-97f2-997e124e8132]: Assigning socketPath: /var/folders/0m/mx0vpzdn64q2zv1klk8x_lsw0000gn/T/fire_emu_2772.sock {"metadata":{"emulator":{"name":"functions"},"message":"[worker-api-17f15511-57ec-4e40-97f2-997e124e8132]: Assigning socketPath: /var/folders/0m/mx0vpzdn64q2zv1klk8x_lsw0000gn/T/fire_emu_2772.sock"}}
[debug] [2020-10-05T04:26:30.799Z] [worker-api-17f15511-57ec-4e40-97f2-997e124e8132]: BUSY {"metadata":{"emulator":{"name":"functions"},"message":"[worker-api-17f15511-57ec-4e40-97f2-997e124e8132]: BUSY"}}
[debug] [2020-10-05T04:26:33.455Z] [runtime-status] [2772] Functions runtime initialized. {"cwd":"/Users/super_subeom/Documents/super_workspace/workspace_clone/amazon-shop/functions","node_version":"12.18.0"} {"metadata":{"emulator":{"name":"functions"},"function":{"name":"api"},"message":"[runtime-status] [2772] Functions runtime initialized. {\"cwd\":\"/Users/super_subeom/Documents/super_workspace/workspace_clone/amazon-shop/functions\",\"node_version\":\"12.18.0\"}"}}
[debug] [2020-10-05T04:26:33.462Z] [runtime-status] [2772] Disabled runtime features: undefined {"metadata":{"emulator":{"name":"functions"},"function":{"name":"api"},"message":"[runtime-status] [2772] Disabled runtime features: undefined"}}
[debug] [2020-10-05T04:26:33.467Z] [runtime-status] [2772] Resolved module firebase-admin {"declared":true,"installed":true,"version":"8.13.0","resolution":"/Users/super_subeom/Documents/super_workspace/workspace_clone/amazon-shop/functions/node_modules/firebase-admin/lib/index.js"} {"metadata":{"emulator":{"name":"functions"},"function":{"name":"api"},"message":"[runtime-status] [2772] Resolved module firebase-admin {\"declared\":true,\"installed\":true,\"version\":\"8.13.0\",\"resolution\":\"/Users/super_subeom/Documents/super_workspace/workspace_clone/amazon-shop/functions/node_modules/firebase-admin/lib/index.js\"}"}}
[debug] [2020-10-05T04:26:33.470Z] [runtime-status] [2772] Resolved module firebase-functions {"declared":true,"installed":true,"version":"3.11.0","resolution":"/Users/super_subeom/Documents/super_workspace/workspace_clone/amazon-shop/functions/node_modules/firebase-functions/lib/index.js"} {"metadata":{"emulator":{"name":"functions"},"function":{"name":"api"},"message":"[runtime-status] [2772] Resolved module firebase-functions {\"declared\":true,\"installed\":true,\"version\":\"3.11.0\",\"resolution\":\"/Users/super_subeom/Documents/super_workspace/workspace_clone/amazon-shop/functions/node_modules/firebase-functions/lib/index.js\"}"}}
[debug] [2020-10-05T04:26:33.474Z] [runtime-status] [2772] Resolved module firebase-functions {"declared":true,"installed":true,"version":"3.11.0","resolution":"/Users/super_subeom/Documents/super_workspace/workspace_clone/amazon-shop/functions/node_modules/firebase-functions/lib/index.js"} {"metadata":{"emulator":{"name":"functions"},"function":{"name":"api"},"message":"[runtime-status] [2772] Resolved module firebase-functions {\"declared\":true,\"installed\":true,\"version\":\"3.11.0\",\"resolution\":\"/Users/super_subeom/Documents/super_workspace/workspace_clone/amazon-shop/functions/node_modules/firebase-functions/lib/index.js\"}"}}
[debug] [2020-10-05T04:26:33.481Z] [runtime-status] [2772] Outgoing network have been stubbed. [{"name":"http","status":"mocked"},{"name":"http","status":"mocked"},{"name":"https","status":"mocked"},{"name":"https","status":"mocked"},{"name":"net","status":"mocked"}] {"metadata":{"emulator":{"name":"functions"},"function":{"name":"api"},"message":"[runtime-status] [2772] Outgoing network have been stubbed. [{\"name\":\"http\",\"status\":\"mocked\"},{\"name\":\"http\",\"status\":\"mocked\"},{\"name\":\"https\",\"status\":\"mocked\"},{\"name\":\"https\",\"status\":\"mocked\"},{\"name\":\"net\",\"status\":\"mocked\"}]"}}
[debug] [2020-10-05T04:26:33.482Z] [runtime-status] [2772] Resolved module firebase-functions {"declared":true,"installed":true,"version":"3.11.0","resolution":"/Users/super_subeom/Documents/super_workspace/workspace_clone/amazon-shop/functions/node_modules/firebase-functions/lib/index.js"} {"metadata":{"emulator":{"name":"functions"},"function":{"name":"api"},"message":"[runtime-status] [2772] Resolved module firebase-functions {\"declared\":true,\"installed\":true,\"version\":\"3.11.0\",\"resolution\":\"/Users/super_subeom/Documents/super_workspace/workspace_clone/amazon-shop/functions/node_modules/firebase-functions/lib/index.js\"}"}}
[debug] [2020-10-05T04:26:33.970Z] [runtime-status] [2772] Checked functions.config() {"config":{}} {"metadata":{"emulator":{"name":"functions"},"function":{"name":"api"},"message":"[runtime-status] [2772] Checked functions.config() {\"config\":{}}"}}
[debug] [2020-10-05T04:26:33.971Z] [runtime-status] [2772] firebase-functions has been stubbed. {"functionsResolution":{"declared":true,"installed":true,"version":"3.11.0","resolution":"/Users/super_subeom/Documents/super_workspace/workspace_clone/amazon-shop/functions/node_modules/firebase-functions/lib/index.js"}} {"metadata":{"emulator":{"name":"functions"},"function":{"name":"api"},"message":"[runtime-status] [2772] firebase-functions has been stubbed. {\"functionsResolution\":{\"declared\":true,\"installed\":true,\"version\":\"3.11.0\",\"resolution\":\"/Users/super_subeom/Documents/super_workspace/workspace_clone/amazon-shop/functions/node_modules/firebase-functions/lib/index.js\"}}"}}
[debug] [2020-10-05T04:26:33.979Z] [runtime-status] [2772] Resolved module firebase-functions {"declared":true,"installed":true,"version":"3.11.0","resolution":"/Users/super_subeom/Documents/super_workspace/workspace_clone/amazon-shop/functions/node_modules/firebase-functions/lib/index.js"} {"metadata":{"emulator":{"name":"functions"},"function":{"name":"api"},"message":"[runtime-status] [2772] Resolved module firebase-functions {\"declared\":true,\"installed\":true,\"version\":\"3.11.0\",\"resolution\":\"/Users/super_subeom/Documents/super_workspace/workspace_clone/amazon-shop/functions/node_modules/firebase-functions/lib/index.js\"}"}}
[debug] [2020-10-05T04:26:33.984Z] [runtime-status] [2772] Resolved module firebase-admin {"declared":true,"installed":true,"version":"8.13.0","resolution":"/Users/super_subeom/Documents/super_workspace/workspace_clone/amazon-shop/functions/node_modules/firebase-admin/lib/index.js"} {"metadata":{"emulator":{"name":"functions"},"function":{"name":"api"},"message":"[runtime-status] [2772] Resolved module firebase-admin {\"declared\":true,\"installed\":true,\"version\":\"8.13.0\",\"resolution\":\"/Users/super_subeom/Documents/super_workspace/workspace_clone/amazon-shop/functions/node_modules/firebase-admin/lib/index.js\"}"}}
[debug] [2020-10-05T04:26:33.986Z] [runtime-status] [2772] Resolved module firebase-functions {"declared":true,"installed":true,"version":"3.11.0","resolution":"/Users/super_subeom/Documents/super_workspace/workspace_clone/amazon-shop/functions/node_modules/firebase-functions/lib/index.js"} {"metadata":{"emulator":{"name":"functions"},"function":{"name":"api"},"message":"[runtime-status] [2772] Resolved module firebase-functions {\"declared\":true,\"installed\":true,\"version\":\"3.11.0\",\"resolution\":\"/Users/super_subeom/Documents/super_workspace/workspace_clone/amazon-shop/functions/node_modules/firebase-functions/lib/index.js\"}"}}
[debug] [2020-10-05T04:26:33.986Z] [runtime-status] [2772] firebase-admin has been stubbed. {"adminResolution":{"declared":true,"installed":true,"version":"8.13.0","resolution":"/Users/super_subeom/Documents/super_workspace/workspace_clone/amazon-shop/functions/node_modules/firebase-admin/lib/index.js"}} {"metadata":{"emulator":{"name":"functions"},"function":{"name":"api"},"message":"[runtime-status] [2772] firebase-admin has been stubbed. {\"adminResolution\":{\"declared\":true,\"installed\":true,\"version\":\"8.13.0\",\"resolution\":\"/Users/super_subeom/Documents/super_workspace/workspace_clone/amazon-shop/functions/node_modules/firebase-admin/lib/index.js\"}}"}}
[debug] [2020-10-05T04:26:34.871Z] [runtime-status] [2772] Trigger "api" has been found, beginning invocation! {"metadata":{"emulator":{"name":"functions"},"function":{"name":"api"},"message":"[runtime-status] [2772] Trigger \"api\" has been found, beginning invocation!"}}
[info] i  functions: Beginning execution of "api" {"metadata":{"emulator":{"name":"functions"},"function":{"name":"api"},"message":"Beginning execution of \"api\""}}
[debug] [2020-10-05T04:26:34.872Z] [runtime-status] [2772] triggerDefinition {"httpsTrigger":{},"name":"api","entryPoint":"api"} {"metadata":{"emulator":{"name":"functions"},"function":{"name":"api"},"message":"[runtime-status] [2772] triggerDefinition {\"httpsTrigger\":{},\"name\":\"api\",\"entryPoint\":\"api\"}"}}
[debug] [2020-10-05T04:26:34.872Z] [runtime-status] [2772] Running api in mode HTTPS {"metadata":{"emulator":{"name":"functions"},"function":{"name":"api"},"message":"[runtime-status] [2772] Running api in mode HTTPS"}}
[debug] [2020-10-05T04:26:35.034Z] [runtime-status] [2772] Attempting to listen to socketPath: /var/folders/0m/mx0vpzdn64q2zv1klk8x_lsw0000gn/T/fire_emu_2772.sock {"metadata":{"emulator":{"name":"functions"},"function":{"name":"api"},"message":"[runtime-status] [2772] Attempting to listen to socketPath: /var/folders/0m/mx0vpzdn64q2zv1klk8x_lsw0000gn/T/fire_emu_2772.sock"}}
[debug] [2020-10-05T04:26:35.042Z] [functions] Runtime ready! Sending request! {"metadata":{"emulator":{"name":"functions"},"message":"[functions] Runtime ready! Sending request!"}}
[debug] [2020-10-05T04:26:35.061Z] [runtime-status] [2772] Ephemeral server handling POST request {"metadata":{"emulator":{"name":"functions"},"function":{"name":"api"},"message":"[runtime-status] [2772] Ephemeral server handling POST request"}}
[info] >  Payment Request Recieved BOOM!!! for this amount >>>  799 {"user":"Payment Request Recieved BOOM!!! for this amount >>>  799","metadata":{"emulator":{"name":"functions"},"function":{"name":"api"},"message":"\u001b[90m> \u001b[39m Payment Request Recieved BOOM!!! for this amount >>>  799"}}
[debug] [2020-10-05T04:26:35.306Z] [runtime-status] [2772] Ephemeral server survived. {"metadata":{"emulator":{"name":"functions"},"function":{"name":"api"},"message":"[runtime-status] [2772] Ephemeral server survived."}}
[info] i  functions: Finished "api" in ~1s {"metadata":{"emulator":{"name":"functions"},"function":{"name":"api"},"message":"Finished \"api\" in ~1s"}}
[debug] [2020-10-05T04:26:36.175Z] [worker-api-17f15511-57ec-4e40-97f2-997e124e8132]: IDLE {"metadata":{"emulator":{"name":"functions"},"message":"[worker-api-17f15511-57ec-4e40-97f2-997e124e8132]: IDLE"}}
[debug] [2020-10-05T04:26:36.175Z] [work-queue] {"queueLength":0,"workRunningCount":0}
[debug] [2020-10-05T04:26:43.611Z] [work-queue] {"queueLength":1,"workRunningCount":0}
[debug] [2020-10-05T04:26:43.611Z] [work-queue] {"queueLength":0,"workRunningCount":1}
[debug] [2020-10-05T04:26:43.611Z] Accepted request POST /shop-4293a/us-central1/api/payments/create?total=0 --> api
[debug] [2020-10-05T04:26:43.611Z] [worker-pool] submitWork(triggerId=api) {"metadata":{"emulator":{"name":"functions"},"message":"[worker-pool] submitWork(triggerId=api)"}}
[debug] [2020-10-05T04:26:43.612Z] [worker-api-17f15511-57ec-4e40-97f2-997e124e8132]: Assigning socketPath: /var/folders/0m/mx0vpzdn64q2zv1klk8x_lsw0000gn/T/fire_emu_2772.sock {"metadata":{"emulator":{"name":"functions"},"message":"[worker-api-17f15511-57ec-4e40-97f2-997e124e8132]: Assigning socketPath: /var/folders/0m/mx0vpzdn64q2zv1klk8x_lsw0000gn/T/fire_emu_2772.sock"}}
[debug] [2020-10-05T04:26:43.612Z] [worker-api-17f15511-57ec-4e40-97f2-997e124e8132]: BUSY {"metadata":{"emulator":{"name":"functions"},"message":"[worker-api-17f15511-57ec-4e40-97f2-997e124e8132]: BUSY"}}
[debug] [2020-10-05T04:26:43.612Z] [runtime-status] [2772] Trigger "api" has been found, beginning invocation! {"metadata":{"emulator":{"name":"functions"},"function":{"name":"api"},"message":"[runtime-status] [2772] Trigger \"api\" has been found, beginning invocation!"}}
[info] i  functions: Beginning execution of "api" {"metadata":{"emulator":{"name":"functions"},"function":{"name":"api"},"message":"Beginning execution of \"api\""}}
[debug] [2020-10-05T04:26:43.613Z] [runtime-status] [2772] triggerDefinition {"httpsTrigger":{},"name":"api","entryPoint":"api"} {"metadata":{"emulator":{"name":"functions"},"function":{"name":"api"},"message":"[runtime-status] [2772] triggerDefinition {\"httpsTrigger\":{},\"name\":\"api\",\"entryPoint\":\"api\"}"}}
[debug] [2020-10-05T04:26:43.614Z] [runtime-status] [2772] Running api in mode HTTPS {"metadata":{"emulator":{"name":"functions"},"function":{"name":"api"},"message":"[runtime-status] [2772] Running api in mode HTTPS"}}
[debug] [2020-10-05T04:26:43.614Z] [runtime-status] [2772] Attempting to listen to socketPath: /var/folders/0m/mx0vpzdn64q2zv1klk8x_lsw0000gn/T/fire_emu_2772.sock {"metadata":{"emulator":{"name":"functions"},"function":{"name":"api"},"message":"[runtime-status] [2772] Attempting to listen to socketPath: /var/folders/0m/mx0vpzdn64q2zv1klk8x_lsw0000gn/T/fire_emu_2772.sock"}}
[debug] [2020-10-05T04:26:43.615Z] [functions] Runtime ready! Sending request! {"metadata":{"emulator":{"name":"functions"},"message":"[functions] Runtime ready! Sending request!"}}
[debug] [2020-10-05T04:26:43.622Z] [runtime-status] [2772] Ephemeral server handling POST request {"metadata":{"emulator":{"name":"functions"},"function":{"name":"api"},"message":"[runtime-status] [2772] Ephemeral server handling POST request"}}
[debug] [2020-10-05T04:26:43.624Z] [runtime-status] [2772] Ephemeral server survived. {"metadata":{"emulator":{"name":"functions"},"function":{"name":"api"},"message":"[runtime-status] [2772] Ephemeral server survived."}}
[info] >  Payment Request Recieved BOOM!!! for this amount >>>  0 {"user":"Payment Request Recieved BOOM!!! for this amount >>>  0","metadata":{"emulator":{"name":"functions"},"function":{"name":"api"},"message":"\u001b[90m> \u001b[39m Payment Request Recieved BOOM!!! for this amount >>>  0"}}
[info] >  (node:2772) UnhandledPromiseRejectionWarning: Error: This value must be greater than or equal to 1. {"user":"(node:2772) UnhandledPromiseRejectionWarning: Error: This value must be greater than or equal to 1.","metadata":{"emulator":{"name":"functions"},"function":{"name":"api"},"message":"\u001b[90m> \u001b[39m (node:2772) UnhandledPromiseRejectionWarning: Error: This value must be greater than or equal to 1."}}
[info] >      at Function.generate (/Users/super_subeom/Documents/super_workspace/workspace_clone/amazon-shop/functions/node_modules/stripe/lib/Error.js:39:16) {"user":"    at Function.generate (/Users/super_subeom/Documents/super_workspace/workspace_clone/amazon-shop/functions/node_modules/stripe/lib/Error.js:39:16)","metadata":{"emulator":{"name":"functions"},"function":{"name":"api"},"message":"\u001b[90m> \u001b[39m     at Function.generate (/Users/super_subeom/Documents/super_workspace/workspace_clone/amazon-shop/functions/node_modules/stripe/lib/Error.js:39:16)"}}
[info] >      at IncomingMessage.<anonymous> (/Users/super_subeom/Documents/super_workspace/workspace_clone/amazon-shop/functions/node_modules/stripe/lib/StripeResource.js:190:33) {"user":"    at IncomingMessage.<anonymous> (/Users/super_subeom/Documents/super_workspace/workspace_clone/amazon-shop/functions/node_modules/stripe/lib/StripeResource.js:190:33)","metadata":{"emulator":{"name":"functions"},"function":{"name":"api"},"message":"\u001b[90m> \u001b[39m     at IncomingMessage.<anonymous> (/Users/super_subeom/Documents/super_workspace/workspace_clone/amazon-shop/functions/node_modules/stripe/lib/StripeResource.js:190:33)"}}
[info] >      at Object.onceWrapper (events.js:421:28) {"user":"    at Object.onceWrapper (events.js:421:28)","metadata":{"emulator":{"name":"functions"},"function":{"name":"api"},"message":"\u001b[90m> \u001b[39m     at Object.onceWrapper (events.js:421:28)"}}
[info] >      at IncomingMessage.emit (events.js:327:22) {"user":"    at IncomingMessage.emit (events.js:327:22)","metadata":{"emulator":{"name":"functions"},"function":{"name":"api"},"message":"\u001b[90m> \u001b[39m     at IncomingMessage.emit (events.js:327:22)"}}
[info] >      at endReadableNT (_stream_readable.js:1221:12) {"user":"    at endReadableNT (_stream_readable.js:1221:12)","metadata":{"emulator":{"name":"functions"},"function":{"name":"api"},"message":"\u001b[90m> \u001b[39m     at endReadableNT (_stream_readable.js:1221:12)"}}
[info] >      at processTicksAndRejections (internal/process/task_queues.js:84:21) {"user":"    at processTicksAndRejections (internal/process/task_queues.js:84:21)","metadata":{"emulator":{"name":"functions"},"function":{"name":"api"},"message":"\u001b[90m> \u001b[39m     at processTicksAndRejections (internal/process/task_queues.js:84:21)"}}
[info] >  (node:2772) UnhandledPromiseRejectionWarning: Unhandled promise rejection. This error originated either by throwing inside of an async function without a catch block, or by rejecting a promise which was not handled with .catch(). To terminate the node process on unhandled promise rejection, use the CLI flag `--unhandled-rejections=strict` (see https://nodejs.org/api/cli.html#cli_unhandled_rejections_mode). (rejection id: 1) {"user":"(node:2772) UnhandledPromiseRejectionWarning: Unhandled promise rejection. This error originated either by throwing inside of an async function without a catch block, or by rejecting a promise which was not handled with .catch(). To terminate the node process on unhandled promise rejection, use the CLI flag `--unhandled-rejections=strict` (see https://nodejs.org/api/cli.html#cli_unhandled_rejections_mode). (rejection id: 1)","metadata":{"emulator":{"name":"functions"},"function":{"name":"api"},"message":"\u001b[90m> \u001b[39m (node:2772) UnhandledPromiseRejectionWarning: Unhandled promise rejection. This error originated either by throwing inside of an async function without a catch block, or by rejecting a promise which was not handled with .catch(). To terminate the node process on unhandled promise rejection, use the CLI flag `--unhandled-rejections=strict` (see https://nodejs.org/api/cli.html#cli_unhandled_rejections_mode). (rejection id: 1)"}}
[info] >  (node:2772) [DEP0018] DeprecationWarning: Unhandled promise rejections are deprecated. In the future, promise rejections that are not handled will terminate the Node.js process with a non-zero exit code. {"user":"(node:2772) [DEP0018] DeprecationWarning: Unhandled promise rejections are deprecated. In the future, promise rejections that are not handled will terminate the Node.js process with a non-zero exit code.","metadata":{"emulator":{"name":"functions"},"function":{"name":"api"},"message":"\u001b[90m> \u001b[39m (node:2772) [DEP0018] DeprecationWarning: Unhandled promise rejections are deprecated. In the future, promise rejections that are not handled will terminate the Node.js process with a non-zero exit code."}}
[warn] ⚠  functions: Your function timed out after ~60s. To configure this timeout, see
      https://firebase.google.com/docs/functions/manage-functions#set_timeout_and_memory_allocation. {"metadata":{"emulator":{"name":"functions"},"function":{"name":"api"},"message":"Your function timed out after ~60s. To configure this timeout, see\n      https://firebase.google.com/docs/functions/manage-functions#set_timeout_and_memory_allocation."}}
[info] >  /usr/local/lib/node_modules/firebase-tools/lib/emulator/functionsEmulatorRuntime.js:642 {"user":"/usr/local/lib/node_modules/firebase-tools/lib/emulator/functionsEmulatorRuntime.js:642","metadata":{"emulator":{"name":"functions"},"function":{"name":"api"},"message":"\u001b[90m> \u001b[39m /usr/local/lib/node_modules/firebase-tools/lib/emulator/functionsEmulatorRuntime.js:642"}}
[info] >                  throw new Error("Function timed out."); {"user":"                throw new Error(\"Function timed out.\");","metadata":{"emulator":{"name":"functions"},"function":{"name":"api"},"message":"\u001b[90m> \u001b[39m                 throw new Error(\"Function timed out.\");"}}
[info] >                  ^ {"user":"                ^","metadata":{"emulator":{"name":"functions"},"function":{"name":"api"},"message":"\u001b[90m> \u001b[39m                 ^"}}
[info] >   {"user":"","metadata":{"emulator":{"name":"functions"},"function":{"name":"api"},"message":"\u001b[90m> \u001b[39m "}}
[info] >  Error: Function timed out. {"user":"Error: Function timed out.","metadata":{"emulator":{"name":"functions"},"function":{"name":"api"},"message":"\u001b[90m> \u001b[39m Error: Function timed out."}}
[info] >      at Timeout._onTimeout (/usr/local/lib/node_modules/firebase-tools/lib/emulator/functionsEmulatorRuntime.js:642:23) {"user":"    at Timeout._onTimeout (/usr/local/lib/node_modules/firebase-tools/lib/emulator/functionsEmulatorRuntime.js:642:23)","metadata":{"emulator":{"name":"functions"},"function":{"name":"api"},"message":"\u001b[90m> \u001b[39m     at Timeout._onTimeout (/usr/local/lib/node_modules/firebase-tools/lib/emulator/functionsEmulatorRuntime.js:642:23)"}}
[info] >      at listOnTimeout (internal/timers.js:549:17) {"user":"    at listOnTimeout (internal/timers.js:549:17)","metadata":{"emulator":{"name":"functions"},"function":{"name":"api"},"message":"\u001b[90m> \u001b[39m     at listOnTimeout (internal/timers.js:549:17)"}}
[info] >      at processTimers (internal/timers.js:492:7) {"user":"    at processTimers (internal/timers.js:492:7)","metadata":{"emulator":{"name":"functions"},"function":{"name":"api"},"message":"\u001b[90m> \u001b[39m     at processTimers (internal/timers.js:492:7)"}}
[debug] [2020-10-05T04:27:43.631Z] [worker-api-17f15511-57ec-4e40-97f2-997e124e8132]: exited {"metadata":{"emulator":{"name":"functions"},"message":"[worker-api-17f15511-57ec-4e40-97f2-997e124e8132]: exited"}}
[debug] [2020-10-05T04:27:43.631Z] [worker-api-17f15511-57ec-4e40-97f2-997e124e8132]: FINISHED {"metadata":{"emulator":{"name":"functions"},"message":"[worker-api-17f15511-57ec-4e40-97f2-997e124e8132]: FINISHED"}}
[debug] [2020-10-05T04:27:43.631Z] [work-queue] {"queueLength":0,"workRunningCount":0}
[debug] [2020-10-05T04:35:02.442Z] [work-queue] {"queueLength":1,"workRunningCount":0}
[debug] [2020-10-05T04:35:02.443Z] [work-queue] {"queueLength":0,"workRunningCount":1}
[debug] [2020-10-05T04:35:02.443Z] Accepted request POST /shop-4293a/us-central1/api/payments/create?total=93797 --> api
[debug] [2020-10-05T04:35:02.443Z] [worker-pool] Cleaned up workers for api: 1 --> 0 {"metadata":{"emulator":{"name":"functions"},"message":"[worker-pool] Cleaned up workers for api: 1 --> 0"}}
[debug] [2020-10-05T04:35:02.451Z] [worker-pool] addWorker(api) {"metadata":{"emulator":{"name":"functions"},"message":"[worker-pool] addWorker(api)"}}
[debug] [2020-10-05T04:35:02.452Z] [worker-pool] Adding worker with key api, total=1 {"metadata":{"emulator":{"name":"functions"},"message":"[worker-pool] Adding worker with key api, total=1"}}
[debug] [2020-10-05T04:35:02.452Z] [worker-pool] submitWork(triggerId=api) {"metadata":{"emulator":{"name":"functions"},"message":"[worker-pool] submitWork(triggerId=api)"}}
[debug] [2020-10-05T04:35:02.452Z] [worker-api-96e86e63-aafe-4729-97ae-ca38c1bcfdc7]: Assigning socketPath: /var/folders/0m/mx0vpzdn64q2zv1klk8x_lsw0000gn/T/fire_emu_3126.sock {"metadata":{"emulator":{"name":"functions"},"message":"[worker-api-96e86e63-aafe-4729-97ae-ca38c1bcfdc7]: Assigning socketPath: /var/folders/0m/mx0vpzdn64q2zv1klk8x_lsw0000gn/T/fire_emu_3126.sock"}}
[debug] [2020-10-05T04:35:02.452Z] [worker-api-96e86e63-aafe-4729-97ae-ca38c1bcfdc7]: BUSY {"metadata":{"emulator":{"name":"functions"},"message":"[worker-api-96e86e63-aafe-4729-97ae-ca38c1bcfdc7]: BUSY"}}
[debug] [2020-10-05T04:35:05.516Z] [runtime-status] [3126] Functions runtime initialized. {"cwd":"/Users/super_subeom/Documents/super_workspace/workspace_clone/amazon-shop/functions","node_version":"12.18.0"} {"metadata":{"emulator":{"name":"functions"},"function":{"name":"api"},"message":"[runtime-status] [3126] Functions runtime initialized. {\"cwd\":\"/Users/super_subeom/Documents/super_workspace/workspace_clone/amazon-shop/functions\",\"node_version\":\"12.18.0\"}"}}
[debug] [2020-10-05T04:35:05.520Z] [runtime-status] [3126] Disabled runtime features: undefined {"metadata":{"emulator":{"name":"functions"},"function":{"name":"api"},"message":"[runtime-status] [3126] Disabled runtime features: undefined"}}
[debug] [2020-10-05T04:35:05.525Z] [runtime-status] [3126] Resolved module firebase-admin {"declared":true,"installed":true,"version":"8.13.0","resolution":"/Users/super_subeom/Documents/super_workspace/workspace_clone/amazon-shop/functions/node_modules/firebase-admin/lib/index.js"} {"metadata":{"emulator":{"name":"functions"},"function":{"name":"api"},"message":"[runtime-status] [3126] Resolved module firebase-admin {\"declared\":true,\"installed\":true,\"version\":\"8.13.0\",\"resolution\":\"/Users/super_subeom/Documents/super_workspace/workspace_clone/amazon-shop/functions/node_modules/firebase-admin/lib/index.js\"}"}}
[debug] [2020-10-05T04:35:05.528Z] [runtime-status] [3126] Resolved module firebase-functions {"declared":true,"installed":true,"version":"3.11.0","resolution":"/Users/super_subeom/Documents/super_workspace/workspace_clone/amazon-shop/functions/node_modules/firebase-functions/lib/index.js"} {"metadata":{"emulator":{"name":"functions"},"function":{"name":"api"},"message":"[runtime-status] [3126] Resolved module firebase-functions {\"declared\":true,\"installed\":true,\"version\":\"3.11.0\",\"resolution\":\"/Users/super_subeom/Documents/super_workspace/workspace_clone/amazon-shop/functions/node_modules/firebase-functions/lib/index.js\"}"}}
[debug] [2020-10-05T04:35:05.530Z] [runtime-status] [3126] Resolved module firebase-functions {"declared":true,"installed":true,"version":"3.11.0","resolution":"/Users/super_subeom/Documents/super_workspace/workspace_clone/amazon-shop/functions/node_modules/firebase-functions/lib/index.js"} {"metadata":{"emulator":{"name":"functions"},"function":{"name":"api"},"message":"[runtime-status] [3126] Resolved module firebase-functions {\"declared\":true,\"installed\":true,\"version\":\"3.11.0\",\"resolution\":\"/Users/super_subeom/Documents/super_workspace/workspace_clone/amazon-shop/functions/node_modules/firebase-functions/lib/index.js\"}"}}
[debug] [2020-10-05T04:35:05.536Z] [runtime-status] [3126] Outgoing network have been stubbed. [{"name":"http","status":"mocked"},{"name":"http","status":"mocked"},{"name":"https","status":"mocked"},{"name":"https","status":"mocked"},{"name":"net","status":"mocked"}] {"metadata":{"emulator":{"name":"functions"},"function":{"name":"api"},"message":"[runtime-status] [3126] Outgoing network have been stubbed. [{\"name\":\"http\",\"status\":\"mocked\"},{\"name\":\"http\",\"status\":\"mocked\"},{\"name\":\"https\",\"status\":\"mocked\"},{\"name\":\"https\",\"status\":\"mocked\"},{\"name\":\"net\",\"status\":\"mocked\"}]"}}
[debug] [2020-10-05T04:35:05.540Z] [runtime-status] [3126] Resolved module firebase-functions {"declared":true,"installed":true,"version":"3.11.0","resolution":"/Users/super_subeom/Documents/super_workspace/workspace_clone/amazon-shop/functions/node_modules/firebase-functions/lib/index.js"} {"metadata":{"emulator":{"name":"functions"},"function":{"name":"api"},"message":"[runtime-status] [3126] Resolved module firebase-functions {\"declared\":true,\"installed\":true,\"version\":\"3.11.0\",\"resolution\":\"/Users/super_subeom/Documents/super_workspace/workspace_clone/amazon-shop/functions/node_modules/firebase-functions/lib/index.js\"}"}}
[debug] [2020-10-05T04:35:05.786Z] [runtime-status] [3126] Checked functions.config() {"config":{}} {"metadata":{"emulator":{"name":"functions"},"function":{"name":"api"},"message":"[runtime-status] [3126] Checked functions.config() {\"config\":{}}"}}
[debug] [2020-10-05T04:35:05.786Z] [runtime-status] [3126] firebase-functions has been stubbed. {"functionsResolution":{"declared":true,"installed":true,"version":"3.11.0","resolution":"/Users/super_subeom/Documents/super_workspace/workspace_clone/amazon-shop/functions/node_modules/firebase-functions/lib/index.js"}} {"metadata":{"emulator":{"name":"functions"},"function":{"name":"api"},"message":"[runtime-status] [3126] firebase-functions has been stubbed. {\"functionsResolution\":{\"declared\":true,\"installed\":true,\"version\":\"3.11.0\",\"resolution\":\"/Users/super_subeom/Documents/super_workspace/workspace_clone/amazon-shop/functions/node_modules/firebase-functions/lib/index.js\"}}"}}
[debug] [2020-10-05T04:35:05.788Z] [runtime-status] [3126] Resolved module firebase-functions {"declared":true,"installed":true,"version":"3.11.0","resolution":"/Users/super_subeom/Documents/super_workspace/workspace_clone/amazon-shop/functions/node_modules/firebase-functions/lib/index.js"} {"metadata":{"emulator":{"name":"functions"},"function":{"name":"api"},"message":"[runtime-status] [3126] Resolved module firebase-functions {\"declared\":true,\"installed\":true,\"version\":\"3.11.0\",\"resolution\":\"/Users/super_subeom/Documents/super_workspace/workspace_clone/amazon-shop/functions/node_modules/firebase-functions/lib/index.js\"}"}}
[debug] [2020-10-05T04:35:05.790Z] [runtime-status] [3126] Resolved module firebase-admin {"declared":true,"installed":true,"version":"8.13.0","resolution":"/Users/super_subeom/Documents/super_workspace/workspace_clone/amazon-shop/functions/node_modules/firebase-admin/lib/index.js"} {"metadata":{"emulator":{"name":"functions"},"function":{"name":"api"},"message":"[runtime-status] [3126] Resolved module firebase-admin {\"declared\":true,\"installed\":true,\"version\":\"8.13.0\",\"resolution\":\"/Users/super_subeom/Documents/super_workspace/workspace_clone/amazon-shop/functions/node_modules/firebase-admin/lib/index.js\"}"}}
[debug] [2020-10-05T04:35:05.791Z] [runtime-status] [3126] Resolved module firebase-functions {"declared":true,"installed":true,"version":"3.11.0","resolution":"/Users/super_subeom/Documents/super_workspace/workspace_clone/amazon-shop/functions/node_modules/firebase-functions/lib/index.js"} {"metadata":{"emulator":{"name":"functions"},"function":{"name":"api"},"message":"[runtime-status] [3126] Resolved module firebase-functions {\"declared\":true,\"installed\":true,\"version\":\"3.11.0\",\"resolution\":\"/Users/super_subeom/Documents/super_workspace/workspace_clone/amazon-shop/functions/node_modules/firebase-functions/lib/index.js\"}"}}
[debug] [2020-10-05T04:35:05.791Z] [runtime-status] [3126] firebase-admin has been stubbed. {"adminResolution":{"declared":true,"installed":true,"version":"8.13.0","resolution":"/Users/super_subeom/Documents/super_workspace/workspace_clone/amazon-shop/functions/node_modules/firebase-admin/lib/index.js"}} {"metadata":{"emulator":{"name":"functions"},"function":{"name":"api"},"message":"[runtime-status] [3126] firebase-admin has been stubbed. {\"adminResolution\":{\"declared\":true,\"installed\":true,\"version\":\"8.13.0\",\"resolution\":\"/Users/super_subeom/Documents/super_workspace/workspace_clone/amazon-shop/functions/node_modules/firebase-admin/lib/index.js\"}}"}}
[debug] [2020-10-05T04:35:06.951Z] [runtime-status] [3126] Trigger "api" has been found, beginning invocation! {"metadata":{"emulator":{"name":"functions"},"function":{"name":"api"},"message":"[runtime-status] [3126] Trigger \"api\" has been found, beginning invocation!"}}
[info] i  functions: Beginning execution of "api" {"metadata":{"emulator":{"name":"functions"},"function":{"name":"api"},"message":"Beginning execution of \"api\""}}
[debug] [2020-10-05T04:35:06.954Z] [runtime-status] [3126] triggerDefinition {"httpsTrigger":{},"name":"api","entryPoint":"api"} {"metadata":{"emulator":{"name":"functions"},"function":{"name":"api"},"message":"[runtime-status] [3126] triggerDefinition {\"httpsTrigger\":{},\"name\":\"api\",\"entryPoint\":\"api\"}"}}
[debug] [2020-10-05T04:35:06.970Z] [runtime-status] [3126] Running api in mode HTTPS {"metadata":{"emulator":{"name":"functions"},"function":{"name":"api"},"message":"[runtime-status] [3126] Running api in mode HTTPS"}}
[debug] [2020-10-05T04:35:06.991Z] [runtime-status] [3126] Attempting to listen to socketPath: /var/folders/0m/mx0vpzdn64q2zv1klk8x_lsw0000gn/T/fire_emu_3126.sock {"metadata":{"emulator":{"name":"functions"},"function":{"name":"api"},"message":"[runtime-status] [3126] Attempting to listen to socketPath: /var/folders/0m/mx0vpzdn64q2zv1klk8x_lsw0000gn/T/fire_emu_3126.sock"}}
[debug] [2020-10-05T04:35:07.001Z] [functions] Runtime ready! Sending request! {"metadata":{"emulator":{"name":"functions"},"message":"[functions] Runtime ready! Sending request!"}}
[debug] [2020-10-05T04:35:07.061Z] [runtime-status] [3126] Ephemeral server handling POST request {"metadata":{"emulator":{"name":"functions"},"function":{"name":"api"},"message":"[runtime-status] [3126] Ephemeral server handling POST request"}}
[info] >  Payment Request Recieved BOOM!!! for this amount >>>  93797 {"user":"Payment Request Recieved BOOM!!! for this amount >>>  93797","metadata":{"emulator":{"name":"functions"},"function":{"name":"api"},"message":"\u001b[90m> \u001b[39m Payment Request Recieved BOOM!!! for this amount >>>  93797"}}
[debug] [2020-10-05T04:35:07.151Z] [runtime-status] [3126] Ephemeral server survived. {"metadata":{"emulator":{"name":"functions"},"function":{"name":"api"},"message":"[runtime-status] [3126] Ephemeral server survived."}}
[info] i  functions: Finished "api" in ~1s {"metadata":{"emulator":{"name":"functions"},"function":{"name":"api"},"message":"Finished \"api\" in ~1s"}}
[debug] [2020-10-05T04:35:08.026Z] [worker-api-96e86e63-aafe-4729-97ae-ca38c1bcfdc7]: IDLE {"metadata":{"emulator":{"name":"functions"},"message":"[worker-api-96e86e63-aafe-4729-97ae-ca38c1bcfdc7]: IDLE"}}
[debug] [2020-10-05T04:35:08.028Z] [work-queue] {"queueLength":0,"workRunningCount":0}
[debug] [2020-10-05T04:35:14.393Z] [work-queue] {"queueLength":1,"workRunningCount":0}
[debug] [2020-10-05T04:35:14.394Z] [work-queue] {"queueLength":0,"workRunningCount":1}
[debug] [2020-10-05T04:35:14.394Z] Accepted request POST /shop-4293a/us-central1/api/payments/create?total=0 --> api
[debug] [2020-10-05T04:35:14.394Z] [worker-pool] submitWork(triggerId=api) {"metadata":{"emulator":{"name":"functions"},"message":"[worker-pool] submitWork(triggerId=api)"}}
[debug] [2020-10-05T04:35:14.395Z] [worker-api-96e86e63-aafe-4729-97ae-ca38c1bcfdc7]: Assigning socketPath: /var/folders/0m/mx0vpzdn64q2zv1klk8x_lsw0000gn/T/fire_emu_3126.sock {"metadata":{"emulator":{"name":"functions"},"message":"[worker-api-96e86e63-aafe-4729-97ae-ca38c1bcfdc7]: Assigning socketPath: /var/folders/0m/mx0vpzdn64q2zv1klk8x_lsw0000gn/T/fire_emu_3126.sock"}}
[debug] [2020-10-05T04:35:14.395Z] [worker-api-96e86e63-aafe-4729-97ae-ca38c1bcfdc7]: BUSY {"metadata":{"emulator":{"name":"functions"},"message":"[worker-api-96e86e63-aafe-4729-97ae-ca38c1bcfdc7]: BUSY"}}
[debug] [2020-10-05T04:35:14.398Z] [runtime-status] [3126] Trigger "api" has been found, beginning invocation! {"metadata":{"emulator":{"name":"functions"},"function":{"name":"api"},"message":"[runtime-status] [3126] Trigger \"api\" has been found, beginning invocation!"}}
[info] i  functions: Beginning execution of "api" {"metadata":{"emulator":{"name":"functions"},"function":{"name":"api"},"message":"Beginning execution of \"api\""}}
[debug] [2020-10-05T04:35:14.398Z] [runtime-status] [3126] triggerDefinition {"httpsTrigger":{},"name":"api","entryPoint":"api"} {"metadata":{"emulator":{"name":"functions"},"function":{"name":"api"},"message":"[runtime-status] [3126] triggerDefinition {\"httpsTrigger\":{},\"name\":\"api\",\"entryPoint\":\"api\"}"}}
[debug] [2020-10-05T04:35:14.399Z] [runtime-status] [3126] Running api in mode HTTPS {"metadata":{"emulator":{"name":"functions"},"function":{"name":"api"},"message":"[runtime-status] [3126] Running api in mode HTTPS"}}
[debug] [2020-10-05T04:35:14.399Z] [runtime-status] [3126] Attempting to listen to socketPath: /var/folders/0m/mx0vpzdn64q2zv1klk8x_lsw0000gn/T/fire_emu_3126.sock {"metadata":{"emulator":{"name":"functions"},"function":{"name":"api"},"message":"[runtime-status] [3126] Attempting to listen to socketPath: /var/folders/0m/mx0vpzdn64q2zv1klk8x_lsw0000gn/T/fire_emu_3126.sock"}}
[debug] [2020-10-05T04:35:14.400Z] [functions] Runtime ready! Sending request! {"metadata":{"emulator":{"name":"functions"},"message":"[functions] Runtime ready! Sending request!"}}
[debug] [2020-10-05T04:35:14.405Z] [runtime-status] [3126] Ephemeral server handling POST request {"metadata":{"emulator":{"name":"functions"},"function":{"name":"api"},"message":"[runtime-status] [3126] Ephemeral server handling POST request"}}
[debug] [2020-10-05T04:35:14.406Z] [runtime-status] [3126] Ephemeral server survived. {"metadata":{"emulator":{"name":"functions"},"function":{"name":"api"},"message":"[runtime-status] [3126] Ephemeral server survived."}}
[info] >  Payment Request Recieved BOOM!!! for this amount >>>  0 {"user":"Payment Request Recieved BOOM!!! for this amount >>>  0","metadata":{"emulator":{"name":"functions"},"function":{"name":"api"},"message":"\u001b[90m> \u001b[39m Payment Request Recieved BOOM!!! for this amount >>>  0"}}
[info] >  (node:3126) UnhandledPromiseRejectionWarning: Error: This value must be greater than or equal to 1. {"user":"(node:3126) UnhandledPromiseRejectionWarning: Error: This value must be greater than or equal to 1.","metadata":{"emulator":{"name":"functions"},"function":{"name":"api"},"message":"\u001b[90m> \u001b[39m (node:3126) UnhandledPromiseRejectionWarning: Error: This value must be greater than or equal to 1."}}
[info] >      at Function.generate (/Users/super_subeom/Documents/super_workspace/workspace_clone/amazon-shop/functions/node_modules/stripe/lib/Error.js:39:16) {"user":"    at Function.generate (/Users/super_subeom/Documents/super_workspace/workspace_clone/amazon-shop/functions/node_modules/stripe/lib/Error.js:39:16)","metadata":{"emulator":{"name":"functions"},"function":{"name":"api"},"message":"\u001b[90m> \u001b[39m     at Function.generate (/Users/super_subeom/Documents/super_workspace/workspace_clone/amazon-shop/functions/node_modules/stripe/lib/Error.js:39:16)"}}
[info] >      at IncomingMessage.<anonymous> (/Users/super_subeom/Documents/super_workspace/workspace_clone/amazon-shop/functions/node_modules/stripe/lib/StripeResource.js:190:33) {"user":"    at IncomingMessage.<anonymous> (/Users/super_subeom/Documents/super_workspace/workspace_clone/amazon-shop/functions/node_modules/stripe/lib/StripeResource.js:190:33)","metadata":{"emulator":{"name":"functions"},"function":{"name":"api"},"message":"\u001b[90m> \u001b[39m     at IncomingMessage.<anonymous> (/Users/super_subeom/Documents/super_workspace/workspace_clone/amazon-shop/functions/node_modules/stripe/lib/StripeResource.js:190:33)"}}
[info] >      at Object.onceWrapper (events.js:421:28) {"user":"    at Object.onceWrapper (events.js:421:28)","metadata":{"emulator":{"name":"functions"},"function":{"name":"api"},"message":"\u001b[90m> \u001b[39m     at Object.onceWrapper (events.js:421:28)"}}
[info] >      at IncomingMessage.emit (events.js:327:22) {"user":"    at IncomingMessage.emit (events.js:327:22)","metadata":{"emulator":{"name":"functions"},"function":{"name":"api"},"message":"\u001b[90m> \u001b[39m     at IncomingMessage.emit (events.js:327:22)"}}
[info] >      at endReadableNT (_stream_readable.js:1221:12) {"user":"    at endReadableNT (_stream_readable.js:1221:12)","metadata":{"emulator":{"name":"functions"},"function":{"name":"api"},"message":"\u001b[90m> \u001b[39m     at endReadableNT (_stream_readable.js:1221:12)"}}
[info] >      at processTicksAndRejections (internal/process/task_queues.js:84:21) {"user":"    at processTicksAndRejections (internal/process/task_queues.js:84:21)","metadata":{"emulator":{"name":"functions"},"function":{"name":"api"},"message":"\u001b[90m> \u001b[39m     at processTicksAndRejections (internal/process/task_queues.js:84:21)"}}
[info] >  (node:3126) UnhandledPromiseRejectionWarning: Unhandled promise rejection. This error originated either by throwing inside of an async function without a catch block, or by rejecting a promise which was not handled with .catch(). To terminate the node process on unhandled promise rejection, use the CLI flag `--unhandled-rejections=strict` (see https://nodejs.org/api/cli.html#cli_unhandled_rejections_mode). (rejection id: 1) {"user":"(node:3126) UnhandledPromiseRejectionWarning: Unhandled promise rejection. This error originated either by throwing inside of an async function without a catch block, or by rejecting a promise which was not handled with .catch(). To terminate the node process on unhandled promise rejection, use the CLI flag `--unhandled-rejections=strict` (see https://nodejs.org/api/cli.html#cli_unhandled_rejections_mode). (rejection id: 1)","metadata":{"emulator":{"name":"functions"},"function":{"name":"api"},"message":"\u001b[90m> \u001b[39m (node:3126) UnhandledPromiseRejectionWarning: Unhandled promise rejection. This error originated either by throwing inside of an async function without a catch block, or by rejecting a promise which was not handled with .catch(). To terminate the node process on unhandled promise rejection, use the CLI flag `--unhandled-rejections=strict` (see https://nodejs.org/api/cli.html#cli_unhandled_rejections_mode). (rejection id: 1)"}}
[info] >  (node:3126) [DEP0018] DeprecationWarning: Unhandled promise rejections are deprecated. In the future, promise rejections that are not handled will terminate the Node.js process with a non-zero exit code. {"user":"(node:3126) [DEP0018] DeprecationWarning: Unhandled promise rejections are deprecated. In the future, promise rejections that are not handled will terminate the Node.js process with a non-zero exit code.","metadata":{"emulator":{"name":"functions"},"function":{"name":"api"},"message":"\u001b[90m> \u001b[39m (node:3126) [DEP0018] DeprecationWarning: Unhandled promise rejections are deprecated. In the future, promise rejections that are not handled will terminate the Node.js process with a non-zero exit code."}}
[warn] ⚠  functions: Your function timed out after ~60s. To configure this timeout, see
      https://firebase.google.com/docs/functions/manage-functions#set_timeout_and_memory_allocation. {"metadata":{"emulator":{"name":"functions"},"function":{"name":"api"},"message":"Your function timed out after ~60s. To configure this timeout, see\n      https://firebase.google.com/docs/functions/manage-functions#set_timeout_and_memory_allocation."}}
[info] >  /usr/local/lib/node_modules/firebase-tools/lib/emulator/functionsEmulatorRuntime.js:642 {"user":"/usr/local/lib/node_modules/firebase-tools/lib/emulator/functionsEmulatorRuntime.js:642","metadata":{"emulator":{"name":"functions"},"function":{"name":"api"},"message":"\u001b[90m> \u001b[39m /usr/local/lib/node_modules/firebase-tools/lib/emulator/functionsEmulatorRuntime.js:642"}}
[info] >                  throw new Error("Function timed out."); {"user":"                throw new Error(\"Function timed out.\");","metadata":{"emulator":{"name":"functions"},"function":{"name":"api"},"message":"\u001b[90m> \u001b[39m                 throw new Error(\"Function timed out.\");"}}
[info] >                  ^ {"user":"                ^","metadata":{"emulator":{"name":"functions"},"function":{"name":"api"},"message":"\u001b[90m> \u001b[39m                 ^"}}
[info] >   {"user":"","metadata":{"emulator":{"name":"functions"},"function":{"name":"api"},"message":"\u001b[90m> \u001b[39m "}}
[info] >  Error: Function timed out. {"user":"Error: Function timed out.","metadata":{"emulator":{"name":"functions"},"function":{"name":"api"},"message":"\u001b[90m> \u001b[39m Error: Function timed out."}}
[info] >      at Timeout._onTimeout (/usr/local/lib/node_modules/firebase-tools/lib/emulator/functionsEmulatorRuntime.js:642:23) {"user":"    at Timeout._onTimeout (/usr/local/lib/node_modules/firebase-tools/lib/emulator/functionsEmulatorRuntime.js:642:23)","metadata":{"emulator":{"name":"functions"},"function":{"name":"api"},"message":"\u001b[90m> \u001b[39m     at Timeout._onTimeout (/usr/local/lib/node_modules/firebase-tools/lib/emulator/functionsEmulatorRuntime.js:642:23)"}}
[info] >      at listOnTimeout (internal/timers.js:549:17) {"user":"    at listOnTimeout (internal/timers.js:549:17)","metadata":{"emulator":{"name":"functions"},"function":{"name":"api"},"message":"\u001b[90m> \u001b[39m     at listOnTimeout (internal/timers.js:549:17)"}}
[info] >      at processTimers (internal/timers.js:492:7) {"user":"    at processTimers (internal/timers.js:492:7)","metadata":{"emulator":{"name":"functions"},"function":{"name":"api"},"message":"\u001b[90m> \u001b[39m     at processTimers (internal/timers.js:492:7)"}}
[debug] [2020-10-05T04:36:14.417Z] [worker-api-96e86e63-aafe-4729-97ae-ca38c1bcfdc7]: exited {"metadata":{"emulator":{"name":"functions"},"message":"[worker-api-96e86e63-aafe-4729-97ae-ca38c1bcfdc7]: exited"}}
[debug] [2020-10-05T04:36:14.417Z] [worker-api-96e86e63-aafe-4729-97ae-ca38c1bcfdc7]: FINISHED {"metadata":{"emulator":{"name":"functions"},"message":"[worker-api-96e86e63-aafe-4729-97ae-ca38c1bcfdc7]: FINISHED"}}
[debug] [2020-10-05T04:36:14.417Z] [work-queue] {"queueLength":0,"workRunningCount":0}
